0 info it worked if it ends with ok
1 verbose cli [ 'node', '/usr/local/bin/npm', 'start' ]
2 info using npm@3.8.6
3 info using node@v0.10.25
4 verbose node symlink /usr/bin/node
5 verbose run-script [ 'prestart', 'start', 'poststart' ]
6 info lifecycle brbteam@1.0.0~prestart: brbteam@1.0.0
7 silly lifecycle brbteam@1.0.0~prestart: no script for prestart, continuing
8 info lifecycle brbteam@1.0.0~start: brbteam@1.0.0
9 verbose lifecycle brbteam@1.0.0~start: unsafe-perm in lifecycle true
10 verbose lifecycle brbteam@1.0.0~start: PATH: /usr/local/lib/node_modules/npm/bin/node-gyp-bin:/home/nenad/Desktop/diplomski/brbteam/node_modules/.bin:/usr/bin:/usr/local/sbin:/usr/local/bin:/usr/sbin:/usr/bin:/sbin:/bin:/usr/games:/usr/local/games:/usr/lib/jvm/java-8-oracle/bin:/usr/lib/jvm/java-8-oracle/db/bin:/usr/lib/jvm/java-8-oracle/jre/bin
11 verbose lifecycle brbteam@1.0.0~start: CWD: /home/nenad/Desktop/diplomski/brbteam
12 silly lifecycle brbteam@1.0.0~start: Args: [ '-c', 'brbteam.js' ]
13 info lifecycle brbteam@1.0.0~start: Failed to exec start script
14 verbose stack Error: brbteam@1.0.0 start: `brbteam.js`
14 verbose stack spawn ENOENT
14 verbose stack     at ChildProcess.<anonymous> (/usr/local/lib/node_modules/npm/lib/utils/spawn.js:17:16)
14 verbose stack     at ChildProcess.EventEmitter.emit (events.js:98:17)
14 verbose stack     at maybeClose (child_process.js:743:16)
14 verbose stack     at Process.ChildProcess._handle.onexit (child_process.js:810:5)
15 verbose pkgid brbteam@1.0.0
16 verbose cwd /home/nenad/Desktop/diplomski/brbteam
17 error Linux 4.2.0-35-generic
18 error argv "node" "/usr/local/bin/npm" "start"
19 error node v0.10.25
20 error npm  v3.8.6
21 error file sh
22 error code ELIFECYCLE
23 error errno ENOENT
24 error syscall spawn
25 error brbteam@1.0.0 start: `brbteam.js`
25 error spawn ENOENT
26 error Failed at the brbteam@1.0.0 start script 'brbteam.js'.
26 error Make sure you have the latest version of node.js and npm installed.
26 error If you do, this is most likely a problem with the brbteam package,
26 error not with npm itself.
26 error Tell the author that this fails on your system:
26 error     brbteam.js
26 error You can get information on how to open an issue for this project with:
26 error     npm bugs brbteam
26 error Or if that isn't available, you can get their info via:
26 error     npm owner ls brbteam
26 error There is likely additional logging output above.
27 verbose exit [ 1, true ]
